Arguments: 
  C:\Program Files\nodejs\node.exe C:\Program Files (x86)\Yarn\bin\yarn.js add sass -D

PATH: 
  C:\Users\devil\AppData\Roaming\npm-cache\_npx\4604;C:\Users\devil\code\GitHub\nikhildev.com\node_modules\.bin;C:\Program Files (x86)\Common Files\Oracle\Java\javapath;C:\Program Files (x86)\Intel\iCLS Client\;C:\Program Files\Intel\iCLS Client\;C:\Windows\system32;C:\Windows;C:\Windows\System32\Wbem;C:\Windows\System32\WindowsPowerShell\v1.0\;C:\Windows\System32\OpenSSH\;C:\Program Files (x86)\Intel\Intel(R) Management Engine Components\DAL;C:\Program Files\Intel\Intel(R) Management Engine Components\DAL;C:\Program Files (x86)\Intel\Intel(R) Management Engine Components\IPT;C:\Program Files\Intel\Intel(R) Management Engine Components\IPT;C:\Program Files\Git\cmd;C:\Program Files\Microsoft VS Code\bin;C:\Android;C:\Windows\System32;C:\Program Files (x86)\Yarn\bin\;C:\Program Files (x86)\NVIDIA Corporation\PhysX\Common;C:\Program Files\NVIDIA Corporation\NVIDIA NvDLISR;C:\WINDOWS\system32;C:\WINDOWS;C:\WINDOWS\System32\Wbem;C:\WINDOWS\System32\WindowsPowerShell\v1.0\;C:\WINDOWS\System32\OpenSSH\;C:\Users\devil\AppData\Roaming\nvm;C:\Program Files\nodejs;C:\Users\devil\AppData\Local\Microsoft\WindowsApps;C:\Users\devil\AppData\Local\GitHubDesktop\bin;C:\Users\devil\AppData\Local\Yarn\bin;C:\Users\devil\AppData\Local\Programs\flutter\bin;C:\Users\devil\AppData\Roaming\npm;C:\Users\devil\AppData\Local\Microsoft\WindowsApps;C:\Users\devil\AppData\Roaming\nvm;C:\Program Files\nodejs

Yarn version: 
  1.10.1

Node version: 
  10.15.1

Platform: 
  win32 x64

Trace: 
  Error: EPERM: operation not permitted, scandir 'C:\Users\devil\code\GitHub\nikhildev.com\node_modules\@types'

npm manifest: 
  {
    "name": "nikhildev.com",
    "version": "0.1.0",
    "private": true,
    "devDependencies": {
      "parcel-bundler": "^1.11.0"
    },
    "dependencies": {},
    "scripts": {
      "start": "npx parcel src/index.html"
    },
    "browserslist": [
      ">0.2%",
      "not dead",
      "not ie <= 11",
      "not op_mini all"
    ]
  }

yarn manifest: 
  No manifest

Lockfile: 
  No lockfile
